<?xml version="1.0" encoding="UTF-8"?>
<TestRun id="99de623e-853f-4124-a1d9-167f77b76aba" name="Roxane@ROXANE-PC 2015-11-19 16:20:09" runUser="Roxane-PC\Roxane" xmlns="http://microsoft.com/schemas/VisualStudio/TeamTest/2010">
  <TestSettings name="Local" id="70a57d12-4034-45c1-85d5-2c175430aa23">
    <Description>These are default test settings for a local test run.</Description>
    <Deployment enabled="false" runDeploymentRoot="Roxane_ROXANE-PC 2015-11-19 16_20_09">
      <DeploymentItem filename="C:\Users\Roxane\Documents\PI_Mars\cs_form\Mars\Mars\bin\Debug\Mars.exe" />
    </Deployment>
    <Execution>
      <TestTypeSpecific />
      <AgentRule name="Execution Agents">
      </AgentRule>
    </Execution>
  </TestSettings>
  <Times creation="2015-11-19T16:20:09.2566117+01:00" queuing="2015-11-19T16:20:09.4827629+01:00" start="2015-11-19T16:20:09.5468051+01:00" finish="2015-11-19T16:20:10.1031770+01:00" />
  <ResultSummary outcome="Failed">
    <Counters total="1" executed="1" error="0" failed="1" timeout="0" aborted="0" inconclusive="0" passedButRunAborted="0" notRunnable="0" notExecuted="0" disconnected="0" warning="0" passed="0" completed="0" inProgress="0" pending="0" />
  </ResultSummary>
  <TestDefinitions>
    <UnitTest name="modifyHoursActivityTest" storage="c:\users\roxane\documents\pi_mars\cs_form\mars\testproject1\bin\debug\testproject1.dll" id="dacc5d46-b88b-fb3d-ed37-e2b2e8d20ffb">
      <Execution id="8140ad6c-a95f-4508-bc8a-5b8719ba25ab" />
      <TestMethod codeBase="C:/Users/Roxane/Documents/PI_Mars/cs_form/Mars/TestProject1/bin/Debug/TestProject1.DLL" adapterTypeName="Microsoft.VisualStudio.TestTools.TestTypes.Unit.UnitTestAdapter, Microsoft.VisualStudio.QualityTools.Tips.UnitTest.Adapter, Version=10.0.0.0, Culture=neutral, PublicKeyToken=b03f5f7f11d50a3a" className="TestProject1.DayTest, TestProject1, Version=1.0.0.0, Culture=neutral, PublicKeyToken=null" name="modifyHoursActivityTest" />
    </UnitTest>
  </TestDefinitions>
  <TestLists>
    <TestList name="Results Not in a List" id="8c84fa94-04c1-424b-9868-57a2d4851a1d" />
    <TestList name="All Loaded Results" id="19431567-8539-422a-85d7-44ee4e166bda" />
  </TestLists>
  <TestEntries>
    <TestEntry testId="dacc5d46-b88b-fb3d-ed37-e2b2e8d20ffb" executionId="8140ad6c-a95f-4508-bc8a-5b8719ba25ab" testListId="8c84fa94-04c1-424b-9868-57a2d4851a1d" />
  </TestEntries>
  <Results>
    <UnitTestResult executionId="8140ad6c-a95f-4508-bc8a-5b8719ba25ab" testId="dacc5d46-b88b-fb3d-ed37-e2b2e8d20ffb" testName="modifyHoursActivityTest" computerName="ROXANE-PC" duration="00:00:00.0601096" startTime="2015-11-19T16:20:09.5618152+01:00" endTime="2015-11-19T16:20:10.0051109+01:00" testType="13cdc9d9-ddb5-4fa4-a97d-d965ccfc6d4b" outcome="Failed" testListId="8c84fa94-04c1-424b-9868-57a2d4851a1d" relativeResultsDirectory="8140ad6c-a95f-4508-bc8a-5b8719ba25ab">
      <Output>
        <ErrorInfo>
          <Message>Assert.AreEqual failed. Expected:&lt;System.Collections.Generic.List`1[Activity]&gt;. Actual:&lt;System.Collections.Generic.List`1[Activity]&gt;. </Message>
          <StackTrace>   à TestProject1.DayTest.modifyHoursActivityTest() dans C:\Users\Roxane\Documents\PI_Mars\cs_form\Mars\TestProject1\DayTest.cs:ligne 93
</StackTrace>
        </ErrorInfo>
      </Output>
    </UnitTestResult>
  </Results>
</TestRun>