<?xml version="1.0" encoding="UTF-8"?>
<TestRun id="ad175d5c-c984-49d9-816f-96cfc74df863" name="Roxane@ROXANE-PC 2015-11-22 19:38:17" runUser="Roxane-PC\Roxane" xmlns="http://microsoft.com/schemas/VisualStudio/TeamTest/2010">
  <TestSettings name="Local" id="70a57d12-4034-45c1-85d5-2c175430aa23">
    <Description>These are default test settings for a local test run.</Description>
    <Deployment userDeploymentRoot="C:\Users\Roxane\Documents\PI_Mars\cs_form\Mars\TestResults" useDefaultDeploymentRoot="false" enabled="false" runDeploymentRoot="Roxane_ROXANE-PC 2015-11-22 19_38_17">
      <DeploymentItem filename="C:\Users\Roxane\Documents\PI_Mars\cs_form\Mars\Mars\bin\Debug\Mars.exe" />
    </Deployment>
    <Execution>
      <TestTypeSpecific />
      <AgentRule name="Execution Agents">
      </AgentRule>
    </Execution>
  </TestSettings>
  <Times creation="2015-11-22T19:38:17.6971739+01:00" queuing="2015-11-22T19:38:18.9933782+01:00" start="2015-11-22T19:38:19.1004492+01:00" finish="2015-11-22T19:38:19.7028524+01:00" />
  <ResultSummary outcome="Failed">
    <Counters total="1" executed="1" error="0" failed="1" timeout="0" aborted="0" inconclusive="0" passedButRunAborted="0" notRunnable="0" notExecuted="0" disconnected="0" warning="0" passed="0" completed="0" inProgress="0" pending="0" />
  </ResultSummary>
  <TestDefinitions>
    <UnitTest name="modifyHoursActivityTest" storage="c:\users\roxane\documents\pi_mars\cs_form\mars\testproject1\bin\debug\testproject1.dll" id="dacc5d46-b88b-fb3d-ed37-e2b2e8d20ffb">
      <Execution id="2de3f3f0-0275-4535-bcf9-021736e7770f" />
      <TestMethod codeBase="C:/Users/Roxane/Documents/PI_Mars/cs_form/Mars/TestProject1/bin/Debug/TestProject1.DLL" adapterTypeName="Microsoft.VisualStudio.TestTools.TestTypes.Unit.UnitTestAdapter, Microsoft.VisualStudio.QualityTools.Tips.UnitTest.Adapter, Version=10.0.0.0, Culture=neutral, PublicKeyToken=b03f5f7f11d50a3a" className="TestProject1.DayTest, TestProject1, Version=1.0.0.0, Culture=neutral, PublicKeyToken=null" name="modifyHoursActivityTest" />
    </UnitTest>
  </TestDefinitions>
  <TestLists>
    <TestList name="Results Not in a List" id="8c84fa94-04c1-424b-9868-57a2d4851a1d" />
    <TestList name="All Loaded Results" id="19431567-8539-422a-85d7-44ee4e166bda" />
  </TestLists>
  <TestEntries>
    <TestEntry testId="dacc5d46-b88b-fb3d-ed37-e2b2e8d20ffb" executionId="2de3f3f0-0275-4535-bcf9-021736e7770f" testListId="8c84fa94-04c1-424b-9868-57a2d4851a1d" />
  </TestEntries>
  <Results>
    <UnitTestResult executionId="2de3f3f0-0275-4535-bcf9-021736e7770f" testId="dacc5d46-b88b-fb3d-ed37-e2b2e8d20ffb" testName="modifyHoursActivityTest" computerName="ROXANE-PC" duration="00:00:00.0591381" startTime="2015-11-22T19:38:19.1905111+01:00" endTime="2015-11-22T19:38:19.6187962+01:00" testType="13cdc9d9-ddb5-4fa4-a97d-d965ccfc6d4b" outcome="Failed" testListId="8c84fa94-04c1-424b-9868-57a2d4851a1d" relativeResultsDirectory="2de3f3f0-0275-4535-bcf9-021736e7770f">
      <Output>
        <ErrorInfo>
          <Message>Assert.IsTrue failed. </Message>
          <StackTrace>   à TestProject1.DayTest.modifyHoursActivityTest() dans C:\Users\Roxane\Documents\PI_Mars\cs_form\Mars\TestProject1\DayTest.cs:ligne 101
</StackTrace>
        </ErrorInfo>
      </Output>
    </UnitTestResult>
  </Results>
</TestRun>