<?xml version="1.0" encoding="UTF-8"?>
<TestRun id="90249624-bd18-465a-b2f9-c577d9f42264" name="Roxane@ROXANE-PC 2015-11-19 16:47:02" runUser="Roxane-PC\Roxane" xmlns="http://microsoft.com/schemas/VisualStudio/TeamTest/2010">
  <TestSettings name="Local" id="70a57d12-4034-45c1-85d5-2c175430aa23">
    <Description>These are default test settings for a local test run.</Description>
    <Deployment userDeploymentRoot="C:\Users\Roxane\Documents\PI_Mars\cs_form\Mars\TestResults" useDefaultDeploymentRoot="false" enabled="false" runDeploymentRoot="Roxane_ROXANE-PC 2015-11-19 16_47_02">
      <DeploymentItem filename="C:\Users\Roxane\Documents\PI_Mars\cs_form\Mars\Mars\bin\Debug\Mars.exe" />
    </Deployment>
    <Execution>
      <TestTypeSpecific />
      <AgentRule name="Execution Agents">
      </AgentRule>
    </Execution>
  </TestSettings>
  <Times creation="2015-11-19T16:47:02.8262985+01:00" queuing="2015-11-19T16:47:04.1604916+01:00" start="2015-11-19T16:47:04.3346206+01:00" finish="2015-11-19T16:48:59.6156591+01:00" />
  <ResultSummary outcome="Aborted">
    <Counters total="1" executed="1" error="0" failed="0" timeout="0" aborted="1" inconclusive="0" passedButRunAborted="0" notRunnable="0" notExecuted="0" disconnected="0" warning="0" passed="0" completed="0" inProgress="0" pending="0" />
    <RunInfos>
      <RunInfo computerName="ROXANE-PC" outcome="Warning" timestamp="2015-11-19T16:48:59.6136584+01:00">
        <Text>Échec de la lecture à partir d'un port IPC : Le canal de communication a été fermé.
</Text>
        <Exception>System.Runtime.Remoting.RemotingException: Échec de la lecture à partir d'un port IPC : Le canal de communication a été fermé.


Server stack trace: 
   à System.Runtime.Remoting.Channels.Ipc.IpcPort.Read(Byte[] data, Int32 offset, Int32 length)
   à System.Runtime.Remoting.Channels.Ipc.PipeStream.Read(Byte[] buffer, Int32 offset, Int32 size)
   à System.Runtime.Remoting.Channels.SocketHandler.ReadFromSocket(Byte[] buffer, Int32 offset, Int32 count)
   à System.Runtime.Remoting.Channels.SocketHandler.Read(Byte[] buffer, Int32 offset, Int32 count)
   à System.Runtime.Remoting.Channels.SocketHandler.ReadAndMatchFourBytes(Byte[] buffer)
   à System.Runtime.Remoting.Channels.Tcp.TcpSocketHandler.ReadAndMatchPreamble()
   à System.Runtime.Remoting.Channels.Tcp.TcpSocketHandler.ReadVersionAndOperation(UInt16&amp; operation)
   à System.Runtime.Remoting.Channels.Ipc.IpcClientHandler.ReadHeaders()
   à System.Runtime.Remoting.Channels.Ipc.IpcClientTransportSink.ProcessMessage(IMessage msg, ITransportHeaders requestHeaders, Stream requestStream, ITransportHeaders&amp; responseHeaders, Stream&amp; responseStream)
   à System.Runtime.Remoting.Channels.BinaryClientFormatterSink.SyncProcessMessage(IMessage msg)

Exception rethrown at [0]: 
   at System.Runtime.Remoting.Proxies.RealProxy.HandleReturnMessage(IMessage reqMsg, IMessage retMsg)
   at System.Runtime.Remoting.Proxies.RealProxy.PrivateInvoke(MessageData&amp; msgData, Int32 type)
   at Microsoft.VisualStudio.TestTools.Agent.IAgentObject.StopTests()
   at Microsoft.VisualStudio.TestTools.Agent.AgentProcessManager.Microsoft.VisualStudio.TestTools.Agent.IAgentObject.StopTests()
   at Microsoft.VisualStudio.TestTools.Agent.RemoteAgentObjectWrapper.&lt;StopTests&gt;b__23(IAgentObject agent)
   at Microsoft.VisualStudio.TestTools.Execution.RemoteObjectContainer`1.InvokeAsRemoteUser(Action`1 invoke)
   at Microsoft.VisualStudio.TestTools.Agent.RemoteAgentObjectWrapper.StopTests()
   at Microsoft.VisualStudio.TestTools.Controller.AgentMachine.StopTestRun(Guid runId)
   at Microsoft.VisualStudio.TestTools.Controller.ControllerExecution.&lt;DoStopTestRun&gt;b__d(ICollectorMachine collectorMachine)
   at Microsoft.VisualStudio.TestTools.Controller.ControllerExecution.DoStopOrAbortTestRun(Action`1 stop, String actionName)</Exception>
      </RunInfo>
    </RunInfos>
  </ResultSummary>
  <TestDefinitions>
    <UnitTest name="modifyHoursActivityTest" storage="c:\users\roxane\documents\pi_mars\cs_form\mars\testproject1\bin\debug\testproject1.dll" id="dacc5d46-b88b-fb3d-ed37-e2b2e8d20ffb">
      <Execution id="a1254185-fe55-4e31-8c92-290a6fe03186" />
      <TestMethod codeBase="C:/Users/Roxane/Documents/PI_Mars/cs_form/Mars/TestProject1/bin/Debug/TestProject1.DLL" adapterTypeName="Microsoft.VisualStudio.TestTools.TestTypes.Unit.UnitTestAdapter, Microsoft.VisualStudio.QualityTools.Tips.UnitTest.Adapter, Version=10.0.0.0, Culture=neutral, PublicKeyToken=b03f5f7f11d50a3a" className="TestProject1.DayTest, TestProject1, Version=1.0.0.0, Culture=neutral, PublicKeyToken=null" name="modifyHoursActivityTest" />
    </UnitTest>
  </TestDefinitions>
  <TestLists>
    <TestList name="Results Not in a List" id="8c84fa94-04c1-424b-9868-57a2d4851a1d" />
    <TestList name="All Loaded Results" id="19431567-8539-422a-85d7-44ee4e166bda" />
  </TestLists>
  <TestEntries>
    <TestEntry testId="dacc5d46-b88b-fb3d-ed37-e2b2e8d20ffb" executionId="a1254185-fe55-4e31-8c92-290a6fe03186" testListId="8c84fa94-04c1-424b-9868-57a2d4851a1d" />
  </TestEntries>
  <Results>
    <UnitTestResult executionId="a1254185-fe55-4e31-8c92-290a6fe03186" testId="dacc5d46-b88b-fb3d-ed37-e2b2e8d20ffb" testName="modifyHoursActivityTest" computerName="ROXANE-PC" duration="00:01:55.1599581" startTime="2015-11-19T16:47:04.4547003+01:00" endTime="2015-11-19T16:48:59.6146584+01:00" testType="13cdc9d9-ddb5-4fa4-a97d-d965ccfc6d4b" outcome="Aborted" testListId="8c84fa94-04c1-424b-9868-57a2d4851a1d" relativeResultsDirectory="a1254185-fe55-4e31-8c92-290a6fe03186">
    </UnitTestResult>
  </Results>
</TestRun>