<?xml version="1.0" encoding="UTF-8"?>
<TestRun id="2fde81c1-8fe8-41de-ab28-d194a265c491" name="Roxane@ROXANE-PC 2015-11-19 13:31:56" runUser="Roxane-PC\Roxane" xmlns="http://microsoft.com/schemas/VisualStudio/TeamTest/2010">
  <TestSettings name="Local" id="9954812e-20c4-43e2-ba2c-a576be6eab91">
    <Description>These are default test settings for a local test run.</Description>
    <Deployment userDeploymentRoot="C:\Users\Roxane\Documents\PI_Mars\code_Mars\TestResults" useDefaultDeploymentRoot="false" enabled="false" runDeploymentRoot="Roxane_ROXANE-PC 2015-11-19 13_31_56">
      <DeploymentItem filename="C:\Users\Roxane\Documents\PI_Mars\code_Mars\ModelingProject1Lib\bin\Debug\ModelingProject1Lib.dll" />
    </Deployment>
    <Execution>
      <TestTypeSpecific />
      <AgentRule name="Execution Agents">
      </AgentRule>
    </Execution>
  </TestSettings>
  <Times creation="2015-11-19T13:31:56.3113812+01:00" queuing="2015-11-19T13:31:56.5039713+01:00" start="2015-11-19T13:31:56.5860252+01:00" finish="2015-11-19T13:31:57.2374586+01:00" />
  <ResultSummary outcome="Failed">
    <Counters total="1" executed="1" error="0" failed="1" timeout="0" aborted="0" inconclusive="0" passedButRunAborted="0" notRunnable="0" notExecuted="0" disconnected="0" warning="0" passed="0" completed="0" inProgress="0" pending="0" />
  </ResultSummary>
  <TestDefinitions>
    <UnitTest name="modifyHoursActivityTest" storage="c:\users\roxane\documents\pi_mars\code_mars\testproject1\bin\debug\testproject1.dll" id="dacc5d46-b88b-fb3d-ed37-e2b2e8d20ffb">
      <Execution id="9b36d72c-d635-401d-83fa-b91ea4c3b403" />
      <TestMethod codeBase="C:/Users/Roxane/Documents/PI_Mars/code_Mars/TestProject1/bin/Debug/TestProject1.DLL" adapterTypeName="Microsoft.VisualStudio.TestTools.TestTypes.Unit.UnitTestAdapter, Microsoft.VisualStudio.QualityTools.Tips.UnitTest.Adapter, Version=10.0.0.0, Culture=neutral, PublicKeyToken=b03f5f7f11d50a3a" className="TestProject1.DayTest, TestProject1, Version=1.0.0.0, Culture=neutral, PublicKeyToken=null" name="modifyHoursActivityTest" />
    </UnitTest>
  </TestDefinitions>
  <TestLists>
    <TestList name="Results Not in a List" id="8c84fa94-04c1-424b-9868-57a2d4851a1d" />
    <TestList name="All Loaded Results" id="19431567-8539-422a-85d7-44ee4e166bda" />
  </TestLists>
  <TestEntries>
    <TestEntry testId="dacc5d46-b88b-fb3d-ed37-e2b2e8d20ffb" executionId="9b36d72c-d635-401d-83fa-b91ea4c3b403" testListId="8c84fa94-04c1-424b-9868-57a2d4851a1d" />
  </TestEntries>
  <Results>
    <UnitTestResult executionId="9b36d72c-d635-401d-83fa-b91ea4c3b403" testId="dacc5d46-b88b-fb3d-ed37-e2b2e8d20ffb" testName="modifyHoursActivityTest" computerName="ROXANE-PC" duration="00:00:00.0498405" startTime="2015-11-19T13:31:56.6600733+01:00" endTime="2015-11-19T13:31:57.1383917+01:00" testType="13cdc9d9-ddb5-4fa4-a97d-d965ccfc6d4b" outcome="Failed" testListId="8c84fa94-04c1-424b-9868-57a2d4851a1d" relativeResultsDirectory="9b36d72c-d635-401d-83fa-b91ea4c3b403">
      <Output>
        <ErrorInfo>
          <Message>Test method TestProject1.DayTest.modifyHoursActivityTest threw exception: 
System.NullReferenceException: La référence d'objet n'est pas définie à une instance d'un objet.</Message>
          <StackTrace>    à Day..ctor(Int32 _number, Place map_hq) dans C:\Users\Roxane\Documents\PI_Mars\code_Mars\ModelingProject1Lib\GeneratedCode\Day.cs:ligne 41
   à Future..ctor(Int32 _number, Place _map_hq) dans C:\Users\Roxane\Documents\PI_Mars\code_Mars\ModelingProject1Lib\GeneratedCode\Future.cs:ligne 14
   à TestProject1.DayTest.CreateDay() dans C:\Users\Roxane\Documents\PI_Mars\code_Mars\TestProject1\DayTest.cs:ligne 72
   à TestProject1.DayTest.modifyHoursActivityTest() dans C:\Users\Roxane\Documents\PI_Mars\code_Mars\TestProject1\DayTest.cs:ligne 82
</StackTrace>
        </ErrorInfo>
      </Output>
    </UnitTestResult>
  </Results>
</TestRun>